readImages done ...
initNames done ...
initAllTasks done ...
setImageForTask done ...
ready to go ...


mousy


handleDown() - beginning

iterationCount: 2.....................................
In Ergebnis ...
automated new Aufgabe
handleDown() - nextTask != null

iterationCount: 3.....................................
In Aufgabe ...
handleDown() - nextTask != null

iterationCount: 4.....................................
In Ergebnis ...
automated new Aufgabe
handleDown() - nextTask != null

iterationCount: 5.....................................
In Aufgabe ...
handleDown() - nextTask != null

iterationCount: 6.....................................
In Ergebnis ...
automated new Aufgabe
handleDown() - nextTask != null

iterationCount: 7.....................................
In Aufgabe ...
handleDown() - nextTask != null

iterationCount: 8.....................................
In Ergebnis ...
automated new Aufgabe
handleDown() - nextTask != null

iterationCount: 9.....................................
In Aufgabe ...
handleDown() - nextTask != null

iterationCount: 10.....................................
In Ergebnis ...
automated new Aufgabe
should start automatically
handleDown() - nextTask != null

iterationCount: 11.....................................
In Aufgabe ...
handleDown() - nextTask != null

iterationCount: 12.....................................
In Ergebnis ...
automated new Aufgabe
handleDown() - nextTask != null

iterationCount: 13.....................................
In Aufgabe ...
handleDown() - nextTask != null

iterationCount: 14.....................................
In Ergebnis ...
automated new Aufgabe
handleDown() - nextTask != null

iterationCount: 15.....................................
In Aufgabe ...
handleDown() - nextTask != null

iterationCount: 16.....................................
In Ergebnis ...
automated new Aufgabe
handleDown() - nextTask != null

iterationCount: 17.....................................
In Aufgabe ...
handleDown() - nextTask != null

iterationCount: 18.....................................
In Ergebnis ...
automated new Aufgabe
handleDown() - nextTask != null

iterationCount: 19.....................................
In Aufgabe ...
handleDown() - nextTask != null

iterationCount: 20.....................................
In Ergebnis ...
automated new Aufgabe
should start automatically
handleDown() - nextTask != null

iterationCount: 21.....................................
In Aufgabe ...
handleDown() - nextTask != null

iterationCount: 22.....................................
In Ergebnis ...
automated new Aufgabe
handleDown() - nextTask != null

iterationCount: 23.....................................
In Aufgabe ...
handleDown() - nextTask != null

iterationCount: 24.....................................
In Ergebnis ...
automated new Aufgabe
handleDown() - nextTask != null

iterationCount: 25.....................................
In Aufgabe ...
handleDown() - nextTask != null

iterationCount: 26.....................................
In Ergebnis ...
automated new Aufgabe
handleDown() - nextTask != null

iterationCount: 27.....................................
In Aufgabe ...
handleDown() - nextTask != null

iterationCount: 28.....................................
In Ergebnis ...
automated new Aufgabe
handleDown() - nextTask != null

iterationCount: 29.....................................
In Aufgabe ...
handleDown() - nextTask != null

iterationCount: 30.....................................
In Ergebnis ...
automated new Aufgabe
should start automatically
handleDown() - nextTask != null

iterationCount: 31.....................................
In Aufgabe ...
handleDown() - nextTask != null

iterationCount: 32.....................................
In Ergebnis ...
automated new Aufgabe
handleDown() - nextTask != null

iterationCount: 33.....................................
In Aufgabe ...
handleDown() - nextTask != null

iterationCount: 34.....................................
In Ergebnis ...
automated new Aufgabe
handleDown() - nextTask != null

iterationCount: 35.....................................
In Aufgabe ...
handleDown() - nextTask != null

iterationCount: 36.....................................
In Ergebnis ...
automated new Aufgabe
handleDown() - nextTask != null

iterationCount: 37.....................................
In Aufgabe ...
handleDown() - nextTask != null

iterationCount: 38.....................................
In Ergebnis ...
automated new Aufgabe
handleDown() - nextTask != null

iterationCount: 39.....................................
In Aufgabe ...
handleDown() - nextTask != null

iterationCount: 40.....................................
In Ergebnis ...
automated new Aufgabe
should start automatically
handleDown() - nextTask != null

iterationCount: 41.....................................
In Aufgabe ...
handleDown() - nextTask != null

iterationCount: 42.....................................
In Ergebnis ...
automated new Aufgabe
handleDown() - nextTask != null

iterationCount: 43.....................................
In Aufgabe ...
handleDown() - nextTask != null

iterationCount: 44.....................................
In Ergebnis ...
automated new Aufgabe
handleDown() - nextTask != null

iterationCount: 45.....................................
In Aufgabe ...
handleDown() - nextTask != null

iterationCount: 46.....................................
In Ergebnis ...
automated new Aufgabe
handleDown() - nextTask != null

iterationCount: 47.....................................
In Aufgabe ...
handleDown() - nextTask != null

iterationCount: 48.....................................
In Ergebnis ...
automated new Aufgabe
should start automatically
